<?xml version="1.0" encoding="UTF-8"?>
<testsuite xmlns:xsi="http://www.w3.org/2001/XMLSchema-instance" xsi:noNamespaceSchemaLocation="https://maven.apache.org/surefire/maven-surefire-plugin/xsd/surefire-test-report-3.0.xsd" version="3.0" name="com.hitwhiot.NB_Light.StreetLight.ProtocolServiceImplTest" time="0.232" tests="4" errors="0" skipped="0" failures="0">
  <properties>
    <property name="sun.desktop" value="windows"/>
    <property name="awt.toolkit" value="sun.awt.windows.WToolkit"/>
    <property name="file.encoding.pkg" value="sun.io"/>
    <property name="java.specification.version" value="1.8"/>
    <property name="sun.cpu.isalist" value="amd64"/>
    <property name="sun.jnu.encoding" value="GBK"/>
    <property name="java.class.path" value="H:\520实验室\NB-IoT设备编解码插件\source_code\codecDemo\target\test-classes;H:\520实验室\NB-IoT设备编解码插件\source_code\codecDemo\target\classes;C:\Users\Bean\.m2\repository\junit\junit\4.11\junit-4.11.jar;C:\Users\Bean\.m2\repository\org\hamcrest\hamcrest-core\1.3\hamcrest-core-1.3.jar;C:\Users\Bean\.m2\repository\org\slf4j\slf4j-api\1.7.6\slf4j-api-1.7.6.jar;C:\Users\Bean\.m2\repository\com\fasterxml\jackson\core\jackson-databind\2.7.4\jackson-databind-2.7.4.jar;C:\Users\Bean\.m2\repository\com\fasterxml\jackson\core\jackson-annotations\2.7.0\jackson-annotations-2.7.0.jar;C:\Users\Bean\.m2\repository\com\fasterxml\jackson\core\jackson-core\2.7.4\jackson-core-2.7.4.jar;H:\520实验室\NB-IoT设备编解码插件\source_code\codecDemo\lib\com.huawei.m2m.cig.tup-1.3.1.jar;"/>
    <property name="java.vm.vendor" value="Oracle Corporation"/>
    <property name="sun.arch.data.model" value="64"/>
    <property name="user.variant" value=""/>
    <property name="java.vendor.url" value="http://java.oracle.com/"/>
    <property name="user.timezone" value="Asia/Shanghai"/>
    <property name="java.vm.specification.version" value="1.8"/>
    <property name="os.name" value="Windows 8.1"/>
    <property name="user.country" value="CN"/>
    <property name="sun.java.launcher" value="SUN_STANDARD"/>
    <property name="sun.boot.library.path" value="D:\environment\JAVA\jdk1.8\jre\bin"/>
    <property name="sun.java.command" value="C:\Users\Bean\AppData\Local\Temp\surefire8512010752467716865\surefirebooter6930438327021414258.jar C:\Users\Bean\AppData\Local\Temp\surefire8512010752467716865 2019-09-29T13-53-11_047-jvmRun1 surefire5529538005520792673tmp surefire_09210197263440361466tmp"/>
    <property name="surefire.test.class.path" value="H:\520实验室\NB-IoT设备编解码插件\source_code\codecDemo\target\test-classes;H:\520实验室\NB-IoT设备编解码插件\source_code\codecDemo\target\classes;C:\Users\Bean\.m2\repository\junit\junit\4.11\junit-4.11.jar;C:\Users\Bean\.m2\repository\org\hamcrest\hamcrest-core\1.3\hamcrest-core-1.3.jar;C:\Users\Bean\.m2\repository\org\slf4j\slf4j-api\1.7.6\slf4j-api-1.7.6.jar;C:\Users\Bean\.m2\repository\com\fasterxml\jackson\core\jackson-databind\2.7.4\jackson-databind-2.7.4.jar;C:\Users\Bean\.m2\repository\com\fasterxml\jackson\core\jackson-annotations\2.7.0\jackson-annotations-2.7.0.jar;C:\Users\Bean\.m2\repository\com\fasterxml\jackson\core\jackson-core\2.7.4\jackson-core-2.7.4.jar;H:\520实验室\NB-IoT设备编解码插件\source_code\codecDemo\lib\com.huawei.m2m.cig.tup-1.3.1.jar;"/>
    <property name="sun.cpu.endian" value="little"/>
    <property name="user.home" value="C:\Users\Bean"/>
    <property name="user.language" value="zh"/>
    <property name="java.specification.vendor" value="Oracle Corporation"/>
    <property name="java.home" value="D:\environment\JAVA\jdk1.8\jre"/>
    <property name="basedir" value="H:\520实验室\NB-IoT设备编解码插件\source_code\codecDemo"/>
    <property name="file.separator" value="\"/>
    <property name="line.separator" value="&#10;"/>
    <property name="java.vm.specification.vendor" value="Oracle Corporation"/>
    <property name="java.specification.name" value="Java Platform API Specification"/>
    <property name="java.awt.graphicsenv" value="sun.awt.Win32GraphicsEnvironment"/>
    <property name="surefire.real.class.path" value="C:\Users\Bean\AppData\Local\Temp\surefire8512010752467716865\surefirebooter6930438327021414258.jar"/>
    <property name="sun.boot.class.path" value="D:\environment\JAVA\jdk1.8\jre\lib\resources.jar;D:\environment\JAVA\jdk1.8\jre\lib\rt.jar;D:\environment\JAVA\jdk1.8\jre\lib\sunrsasign.jar;D:\environment\JAVA\jdk1.8\jre\lib\jsse.jar;D:\environment\JAVA\jdk1.8\jre\lib\jce.jar;D:\environment\JAVA\jdk1.8\jre\lib\charsets.jar;D:\environment\JAVA\jdk1.8\jre\lib\jfr.jar;D:\environment\JAVA\jdk1.8\jre\classes"/>
    <property name="user.script" value=""/>
    <property name="sun.management.compiler" value="HotSpot 64-Bit Tiered Compilers"/>
    <property name="java.runtime.version" value="1.8.0_31-b13"/>
    <property name="user.name" value="Bean"/>
    <property name="path.separator" value=";"/>
    <property name="os.version" value="6.3"/>
    <property name="java.endorsed.dirs" value="D:\environment\JAVA\jdk1.8\jre\lib\endorsed"/>
    <property name="java.runtime.name" value="Java(TM) SE Runtime Environment"/>
    <property name="file.encoding" value="GBK"/>
    <property name="java.vm.name" value="Java HotSpot(TM) 64-Bit Server VM"/>
    <property name="localRepository" value="C:\Users\Bean\.m2\repository"/>
    <property name="java.vendor.url.bug" value="http://bugreport.sun.com/bugreport/"/>
    <property name="java.io.tmpdir" value="C:\Users\Bean\AppData\Local\Temp\"/>
    <property name="java.version" value="1.8.0_31"/>
    <property name="user.dir" value="H:\520实验室\NB-IoT设备编解码插件\source_code\codecDemo"/>
    <property name="os.arch" value="amd64"/>
    <property name="java.vm.specification.name" value="Java Virtual Machine Specification"/>
    <property name="java.awt.printerjob" value="sun.awt.windows.WPrinterJob"/>
    <property name="sun.os.patch.level" value=""/>
    <property name="java.library.path" value="D:\environment\JAVA\jdk1.8\jre\bin;C:\Windows\Sun\Java\bin;C:\Windows\system32;C:\Windows;D:\environment\JAVA\jdk1.8\bin;C:\Windows\system32;C:\Windows;C:\Windows\System32\Wbem;C:\Windows\System32\WindowsPowerShell\v1.0\;C:\Windows\System32\OpenSSH\;C:\Program Files\Microsoft VS Code\bin;C:\ProgramData\Oracle\Java\javapath;D:\software\Git\cmd;C:\Program Files\dotnet\;D:\software\AOMEI Backupper;D:\environment\apache-maven-3.6.1-bin\apache-maven-3.6.1\bin;C:\Users\Bean\AppData\Local\Microsoft\WindowsApps;;."/>
    <property name="java.vm.info" value="mixed mode"/>
    <property name="java.vendor" value="Oracle Corporation"/>
    <property name="java.vm.version" value="25.31-b07"/>
    <property name="java.ext.dirs" value="D:\environment\JAVA\jdk1.8\jre\lib\ext;C:\Windows\Sun\Java\lib\ext"/>
    <property name="sun.io.unicode.encoding" value="UnicodeLittle"/>
    <property name="java.class.version" value="52.0"/>
  </properties>
  <testcase name="testDecodeDeviceReportData" classname="com.hitwhiot.NB_Light.StreetLight.ProtocolServiceImplTest" time="0.175"/>
  <testcase name="testDecodeDeviceResponseIoT" classname="com.hitwhiot.NB_Light.StreetLight.ProtocolServiceImplTest" time="0.003"/>
  <testcase name="testEncodeIoTSendCommand" classname="com.hitwhiot.NB_Light.StreetLight.ProtocolServiceImplTest" time="0.001"/>
  <testcase name="testEncodeIoTResponseDevice" classname="com.hitwhiot.NB_Light.StreetLight.ProtocolServiceImplTest" time="0.002"/>
</testsuite>